<?xml version="1.0" encoding="UTF-8"?>
<testsuite xmlns:xsi="http://www.w3.org/2001/XMLSchema-instance" xsi:noNamespaceSchemaLocation="https://maven.apache.org/surefire/maven-surefire-plugin/xsd/surefire-test-report.xsd" name="io.github.oracle.template.jzap.OracleTest" time="1.658" tests="2" errors="1" skipped="0" failures="0">
  <properties>
    <property name="sun.desktop" value="gnome"/>
    <property name="awt.toolkit" value="sun.awt.X11.XToolkit"/>
    <property name="java.specification.version" value="11"/>
    <property name="sun.cpu.isalist" value=""/>
    <property name="sun.jnu.encoding" value="UTF-8"/>
    <property name="java.class.path" value="/home/adoo/jzap-oracle-template/target/test-classes:/home/adoo/jzap-oracle-template/target/classes:/home/adoo/.m2/repository/org/springframework/boot/spring-boot-starter/2.4.2/spring-boot-starter-2.4.2.jar:/home/adoo/.m2/repository/org/springframework/boot/spring-boot/2.4.2/spring-boot-2.4.2.jar:/home/adoo/.m2/repository/org/springframework/spring-context/5.3.3/spring-context-5.3.3.jar:/home/adoo/.m2/repository/org/springframework/boot/spring-boot-autoconfigure/2.4.2/spring-boot-autoconfigure-2.4.2.jar:/home/adoo/.m2/repository/org/springframework/boot/spring-boot-starter-logging/2.4.2/spring-boot-starter-logging-2.4.2.jar:/home/adoo/.m2/repository/ch/qos/logback/logback-classic/1.2.3/logback-classic-1.2.3.jar:/home/adoo/.m2/repository/ch/qos/logback/logback-core/1.2.3/logback-core-1.2.3.jar:/home/adoo/.m2/repository/org/apache/logging/log4j/log4j-to-slf4j/2.13.3/log4j-to-slf4j-2.13.3.jar:/home/adoo/.m2/repository/org/apache/logging/log4j/log4j-api/2.13.3/log4j-api-2.13.3.jar:/home/adoo/.m2/repository/org/slf4j/jul-to-slf4j/1.7.30/jul-to-slf4j-1.7.30.jar:/home/adoo/.m2/repository/jakarta/annotation/jakarta.annotation-api/1.3.5/jakarta.annotation-api-1.3.5.jar:/home/adoo/.m2/repository/org/springframework/spring-core/5.3.3/spring-core-5.3.3.jar:/home/adoo/.m2/repository/org/springframework/spring-jcl/5.3.3/spring-jcl-5.3.3.jar:/home/adoo/.m2/repository/org/yaml/snakeyaml/1.27/snakeyaml-1.27.jar:/home/adoo/.m2/repository/org/springframework/boot/spring-boot-starter-test/2.4.2/spring-boot-starter-test-2.4.2.jar:/home/adoo/.m2/repository/org/springframework/boot/spring-boot-test/2.4.2/spring-boot-test-2.4.2.jar:/home/adoo/.m2/repository/org/springframework/boot/spring-boot-test-autoconfigure/2.4.2/spring-boot-test-autoconfigure-2.4.2.jar:/home/adoo/.m2/repository/com/jayway/jsonpath/json-path/2.4.0/json-path-2.4.0.jar:/home/adoo/.m2/repository/net/minidev/json-smart/2.3/json-smart-2.3.jar:/home/adoo/.m2/repository/net/minidev/accessors-smart/1.2/accessors-smart-1.2.jar:/home/adoo/.m2/repository/jakarta/xml/bind/jakarta.xml.bind-api/2.3.3/jakarta.xml.bind-api-2.3.3.jar:/home/adoo/.m2/repository/jakarta/activation/jakarta.activation-api/1.2.2/jakarta.activation-api-1.2.2.jar:/home/adoo/.m2/repository/org/assertj/assertj-core/3.18.1/assertj-core-3.18.1.jar:/home/adoo/.m2/repository/org/hamcrest/hamcrest/2.2/hamcrest-2.2.jar:/home/adoo/.m2/repository/org/junit/jupiter/junit-jupiter/5.7.0/junit-jupiter-5.7.0.jar:/home/adoo/.m2/repository/org/junit/jupiter/junit-jupiter-api/5.7.0/junit-jupiter-api-5.7.0.jar:/home/adoo/.m2/repository/org/apiguardian/apiguardian-api/1.1.0/apiguardian-api-1.1.0.jar:/home/adoo/.m2/repository/org/opentest4j/opentest4j/1.2.0/opentest4j-1.2.0.jar:/home/adoo/.m2/repository/org/junit/platform/junit-platform-commons/1.7.0/junit-platform-commons-1.7.0.jar:/home/adoo/.m2/repository/org/junit/jupiter/junit-jupiter-params/5.7.0/junit-jupiter-params-5.7.0.jar:/home/adoo/.m2/repository/org/junit/jupiter/junit-jupiter-engine/5.7.0/junit-jupiter-engine-5.7.0.jar:/home/adoo/.m2/repository/org/junit/platform/junit-platform-engine/1.7.0/junit-platform-engine-1.7.0.jar:/home/adoo/.m2/repository/org/mockito/mockito-core/3.6.28/mockito-core-3.6.28.jar:/home/adoo/.m2/repository/net/bytebuddy/byte-buddy/1.10.19/byte-buddy-1.10.19.jar:/home/adoo/.m2/repository/net/bytebuddy/byte-buddy-agent/1.10.19/byte-buddy-agent-1.10.19.jar:/home/adoo/.m2/repository/org/objenesis/objenesis/3.1/objenesis-3.1.jar:/home/adoo/.m2/repository/org/mockito/mockito-junit-jupiter/3.6.28/mockito-junit-jupiter-3.6.28.jar:/home/adoo/.m2/repository/org/skyscreamer/jsonassert/1.5.0/jsonassert-1.5.0.jar:/home/adoo/.m2/repository/com/vaadin/external/google/android-json/0.0.20131108.vaadin1/android-json-0.0.20131108.vaadin1.jar:/home/adoo/.m2/repository/org/springframework/spring-test/5.3.3/spring-test-5.3.3.jar:/home/adoo/.m2/repository/org/xmlunit/xmlunit-core/2.7.0/xmlunit-core-2.7.0.jar:/home/adoo/.m2/repository/org/web3j/core/4.8.1/core-4.8.1.jar:/home/adoo/.m2/repository/org/web3j/abi/4.8.1/abi-4.8.1.jar:/home/adoo/.m2/repository/org/web3j/utils/4.8.1/utils-4.8.1.jar:/home/adoo/.m2/repository/org/bouncycastle/bcprov-jdk15on/1.65/bcprov-jdk15on-1.65.jar:/home/adoo/.m2/repository/org/web3j/crypto/4.8.1/crypto-4.8.1.jar:/home/adoo/.m2/repository/org/web3j/rlp/4.8.1/rlp-4.8.1.jar:/home/adoo/.m2/repository/org/web3j/tuples/4.8.1/tuples-4.8.1.jar:/home/adoo/.m2/repository/com/github/jnr/jnr-unixsocket/0.21/jnr-unixsocket-0.21.jar:/home/adoo/.m2/repository/com/github/jnr/jnr-ffi/2.1.9/jnr-ffi-2.1.9.jar:/home/adoo/.m2/repository/com/github/jnr/jffi/1.2.17/jffi-1.2.17.jar:/home/adoo/.m2/repository/com/github/jnr/jffi/1.2.16/jffi-1.2.16-native.jar:/home/adoo/.m2/repository/org/ow2/asm/asm/5.0.3/asm-5.0.3.jar:/home/adoo/.m2/repository/org/ow2/asm/asm-commons/5.0.3/asm-commons-5.0.3.jar:/home/adoo/.m2/repository/org/ow2/asm/asm-analysis/5.0.3/asm-analysis-5.0.3.jar:/home/adoo/.m2/repository/org/ow2/asm/asm-tree/5.0.3/asm-tree-5.0.3.jar:/home/adoo/.m2/repository/org/ow2/asm/asm-util/5.0.3/asm-util-5.0.3.jar:/home/adoo/.m2/repository/com/github/jnr/jnr-a64asm/1.0.0/jnr-a64asm-1.0.0.jar:/home/adoo/.m2/repository/com/github/jnr/jnr-x86asm/1.0.2/jnr-x86asm-1.0.2.jar:/home/adoo/.m2/repository/com/github/jnr/jnr-constants/0.9.11/jnr-constants-0.9.11.jar:/home/adoo/.m2/repository/com/github/jnr/jnr-enxio/0.19/jnr-enxio-0.19.jar:/home/adoo/.m2/repository/com/github/jnr/jnr-posix/3.0.47/jnr-posix-3.0.47.jar:/home/adoo/.m2/repository/com/squareup/okhttp3/logging-interceptor/3.14.9/logging-interceptor-3.14.9.jar:/home/adoo/.m2/repository/io/reactivex/rxjava2/rxjava/2.2.20/rxjava-2.2.20.jar:/home/adoo/.m2/repository/org/reactivestreams/reactive-streams/1.0.3/reactive-streams-1.0.3.jar:/home/adoo/.m2/repository/org/java-websocket/Java-WebSocket/1.3.8/Java-WebSocket-1.3.8.jar:/home/adoo/.m2/repository/org/slf4j/slf4j-api/1.7.30/slf4j-api-1.7.30.jar:/home/adoo/.m2/repository/org/springframework/boot/spring-boot-starter-web/2.4.2/spring-boot-starter-web-2.4.2.jar:/home/adoo/.m2/repository/org/springframework/boot/spring-boot-starter-json/2.4.2/spring-boot-starter-json-2.4.2.jar:/home/adoo/.m2/repository/com/fasterxml/jackson/datatype/jackson-datatype-jdk8/2.11.4/jackson-datatype-jdk8-2.11.4.jar:/home/adoo/.m2/repository/com/fasterxml/jackson/datatype/jackson-datatype-jsr310/2.11.4/jackson-datatype-jsr310-2.11.4.jar:/home/adoo/.m2/repository/com/fasterxml/jackson/module/jackson-module-parameter-names/2.11.4/jackson-module-parameter-names-2.11.4.jar:/home/adoo/.m2/repository/org/springframework/boot/spring-boot-starter-tomcat/2.4.2/spring-boot-starter-tomcat-2.4.2.jar:/home/adoo/.m2/repository/org/apache/tomcat/embed/tomcat-embed-core/9.0.41/tomcat-embed-core-9.0.41.jar:/home/adoo/.m2/repository/org/glassfish/jakarta.el/3.0.3/jakarta.el-3.0.3.jar:/home/adoo/.m2/repository/org/apache/tomcat/embed/tomcat-embed-websocket/9.0.41/tomcat-embed-websocket-9.0.41.jar:/home/adoo/.m2/repository/org/springframework/spring-web/5.3.3/spring-web-5.3.3.jar:/home/adoo/.m2/repository/org/springframework/spring-beans/5.3.3/spring-beans-5.3.3.jar:/home/adoo/.m2/repository/org/springframework/spring-webmvc/5.3.3/spring-webmvc-5.3.3.jar:/home/adoo/.m2/repository/org/springframework/spring-aop/5.3.3/spring-aop-5.3.3.jar:/home/adoo/.m2/repository/org/springframework/spring-expression/5.3.3/spring-expression-5.3.3.jar:/home/adoo/jzap-oracle-template/dependencies/jzap-0.0.6.jar:/home/adoo/.m2/repository/io/socket/socket.io-client/2.0.0/socket.io-client-2.0.0.jar:/home/adoo/.m2/repository/io/socket/engine.io-client/2.0.0/engine.io-client-2.0.0.jar:/home/adoo/.m2/repository/org/json/json/20090211/json-20090211.jar:/home/adoo/jzap-oracle-template/dependencies/coingecko.jar:/home/adoo/.m2/repository/com/fasterxml/jackson/core/jackson-databind/2.12.2/jackson-databind-2.12.2.jar:/home/adoo/.m2/repository/com/fasterxml/jackson/core/jackson-core/2.12.2/jackson-core-2.12.2.jar:/home/adoo/.m2/repository/com/fasterxml/jackson/core/jackson-annotations/2.12.2/jackson-annotations-2.12.2.jar:/home/adoo/.m2/repository/com/github/ipfs/java-ipfs-http-client/v1.3.3/java-ipfs-http-client-v1.3.3.jar:/home/adoo/.m2/repository/com/github/multiformats/java-multiaddr/v1.4.1/java-multiaddr-v1.4.1.jar:/home/adoo/.m2/repository/com/github/ipld/java-cid/v1.3.1/java-cid-v1.3.1.jar:/home/adoo/.m2/repository/com/github/multiformats/java-multihash/v1.3.0/java-multihash-v1.3.0.jar:/home/adoo/.m2/repository/com/github/multiformats/java-multibase/v1.1.0/java-multibase-v1.1.0.jar:/home/adoo/.m2/repository/com/squareup/retrofit2/retrofit/2.5.0/retrofit-2.5.0.jar:/home/adoo/.m2/repository/com/squareup/retrofit2/converter-jackson/2.5.0/converter-jackson-2.5.0.jar:/home/adoo/.m2/repository/com/squareup/okhttp3/okhttp/4.9.1/okhttp-4.9.1.jar:/home/adoo/.m2/repository/com/squareup/okio/okio/2.8.0/okio-2.8.0.jar:/home/adoo/.m2/repository/org/jetbrains/kotlin/kotlin-stdlib-common/1.4.21/kotlin-stdlib-common-1.4.21.jar:/home/adoo/.m2/repository/org/jetbrains/kotlin/kotlin-stdlib/1.4.21/kotlin-stdlib-1.4.21.jar:/home/adoo/.m2/repository/org/jetbrains/annotations/13.0/annotations-13.0.jar:"/>
    <property name="java.vm.vendor" value="Ubuntu"/>
    <property name="sun.arch.data.model" value="64"/>
    <property name="java.vendor.url" value="https://ubuntu.com/"/>
    <property name="user.timezone" value=""/>
    <property name="java.vm.specification.version" value="11"/>
    <property name="os.name" value="Linux"/>
    <property name="sun.java.launcher" value="SUN_STANDARD"/>
    <property name="user.country" value="US"/>
    <property name="sun.boot.library.path" value="/usr/lib/jvm/java-11-openjdk-amd64/lib"/>
    <property name="sun.java.command" value="/home/adoo/jzap-oracle-template/target/surefire/surefirebooter12745112920110465017.jar /home/adoo/jzap-oracle-template/target/surefire 2021-03-23T03-53-47_915-jvmRun1 surefire242344444192382928tmp surefire_08798625769368601056tmp"/>
    <property name="jdk.debug" value="release"/>
    <property name="surefire.test.class.path" value="/home/adoo/jzap-oracle-template/target/test-classes:/home/adoo/jzap-oracle-template/target/classes:/home/adoo/.m2/repository/org/springframework/boot/spring-boot-starter/2.4.2/spring-boot-starter-2.4.2.jar:/home/adoo/.m2/repository/org/springframework/boot/spring-boot/2.4.2/spring-boot-2.4.2.jar:/home/adoo/.m2/repository/org/springframework/spring-context/5.3.3/spring-context-5.3.3.jar:/home/adoo/.m2/repository/org/springframework/boot/spring-boot-autoconfigure/2.4.2/spring-boot-autoconfigure-2.4.2.jar:/home/adoo/.m2/repository/org/springframework/boot/spring-boot-starter-logging/2.4.2/spring-boot-starter-logging-2.4.2.jar:/home/adoo/.m2/repository/ch/qos/logback/logback-classic/1.2.3/logback-classic-1.2.3.jar:/home/adoo/.m2/repository/ch/qos/logback/logback-core/1.2.3/logback-core-1.2.3.jar:/home/adoo/.m2/repository/org/apache/logging/log4j/log4j-to-slf4j/2.13.3/log4j-to-slf4j-2.13.3.jar:/home/adoo/.m2/repository/org/apache/logging/log4j/log4j-api/2.13.3/log4j-api-2.13.3.jar:/home/adoo/.m2/repository/org/slf4j/jul-to-slf4j/1.7.30/jul-to-slf4j-1.7.30.jar:/home/adoo/.m2/repository/jakarta/annotation/jakarta.annotation-api/1.3.5/jakarta.annotation-api-1.3.5.jar:/home/adoo/.m2/repository/org/springframework/spring-core/5.3.3/spring-core-5.3.3.jar:/home/adoo/.m2/repository/org/springframework/spring-jcl/5.3.3/spring-jcl-5.3.3.jar:/home/adoo/.m2/repository/org/yaml/snakeyaml/1.27/snakeyaml-1.27.jar:/home/adoo/.m2/repository/org/springframework/boot/spring-boot-starter-test/2.4.2/spring-boot-starter-test-2.4.2.jar:/home/adoo/.m2/repository/org/springframework/boot/spring-boot-test/2.4.2/spring-boot-test-2.4.2.jar:/home/adoo/.m2/repository/org/springframework/boot/spring-boot-test-autoconfigure/2.4.2/spring-boot-test-autoconfigure-2.4.2.jar:/home/adoo/.m2/repository/com/jayway/jsonpath/json-path/2.4.0/json-path-2.4.0.jar:/home/adoo/.m2/repository/net/minidev/json-smart/2.3/json-smart-2.3.jar:/home/adoo/.m2/repository/net/minidev/accessors-smart/1.2/accessors-smart-1.2.jar:/home/adoo/.m2/repository/jakarta/xml/bind/jakarta.xml.bind-api/2.3.3/jakarta.xml.bind-api-2.3.3.jar:/home/adoo/.m2/repository/jakarta/activation/jakarta.activation-api/1.2.2/jakarta.activation-api-1.2.2.jar:/home/adoo/.m2/repository/org/assertj/assertj-core/3.18.1/assertj-core-3.18.1.jar:/home/adoo/.m2/repository/org/hamcrest/hamcrest/2.2/hamcrest-2.2.jar:/home/adoo/.m2/repository/org/junit/jupiter/junit-jupiter/5.7.0/junit-jupiter-5.7.0.jar:/home/adoo/.m2/repository/org/junit/jupiter/junit-jupiter-api/5.7.0/junit-jupiter-api-5.7.0.jar:/home/adoo/.m2/repository/org/apiguardian/apiguardian-api/1.1.0/apiguardian-api-1.1.0.jar:/home/adoo/.m2/repository/org/opentest4j/opentest4j/1.2.0/opentest4j-1.2.0.jar:/home/adoo/.m2/repository/org/junit/platform/junit-platform-commons/1.7.0/junit-platform-commons-1.7.0.jar:/home/adoo/.m2/repository/org/junit/jupiter/junit-jupiter-params/5.7.0/junit-jupiter-params-5.7.0.jar:/home/adoo/.m2/repository/org/junit/jupiter/junit-jupiter-engine/5.7.0/junit-jupiter-engine-5.7.0.jar:/home/adoo/.m2/repository/org/junit/platform/junit-platform-engine/1.7.0/junit-platform-engine-1.7.0.jar:/home/adoo/.m2/repository/org/mockito/mockito-core/3.6.28/mockito-core-3.6.28.jar:/home/adoo/.m2/repository/net/bytebuddy/byte-buddy/1.10.19/byte-buddy-1.10.19.jar:/home/adoo/.m2/repository/net/bytebuddy/byte-buddy-agent/1.10.19/byte-buddy-agent-1.10.19.jar:/home/adoo/.m2/repository/org/objenesis/objenesis/3.1/objenesis-3.1.jar:/home/adoo/.m2/repository/org/mockito/mockito-junit-jupiter/3.6.28/mockito-junit-jupiter-3.6.28.jar:/home/adoo/.m2/repository/org/skyscreamer/jsonassert/1.5.0/jsonassert-1.5.0.jar:/home/adoo/.m2/repository/com/vaadin/external/google/android-json/0.0.20131108.vaadin1/android-json-0.0.20131108.vaadin1.jar:/home/adoo/.m2/repository/org/springframework/spring-test/5.3.3/spring-test-5.3.3.jar:/home/adoo/.m2/repository/org/xmlunit/xmlunit-core/2.7.0/xmlunit-core-2.7.0.jar:/home/adoo/.m2/repository/org/web3j/core/4.8.1/core-4.8.1.jar:/home/adoo/.m2/repository/org/web3j/abi/4.8.1/abi-4.8.1.jar:/home/adoo/.m2/repository/org/web3j/utils/4.8.1/utils-4.8.1.jar:/home/adoo/.m2/repository/org/bouncycastle/bcprov-jdk15on/1.65/bcprov-jdk15on-1.65.jar:/home/adoo/.m2/repository/org/web3j/crypto/4.8.1/crypto-4.8.1.jar:/home/adoo/.m2/repository/org/web3j/rlp/4.8.1/rlp-4.8.1.jar:/home/adoo/.m2/repository/org/web3j/tuples/4.8.1/tuples-4.8.1.jar:/home/adoo/.m2/repository/com/github/jnr/jnr-unixsocket/0.21/jnr-unixsocket-0.21.jar:/home/adoo/.m2/repository/com/github/jnr/jnr-ffi/2.1.9/jnr-ffi-2.1.9.jar:/home/adoo/.m2/repository/com/github/jnr/jffi/1.2.17/jffi-1.2.17.jar:/home/adoo/.m2/repository/com/github/jnr/jffi/1.2.16/jffi-1.2.16-native.jar:/home/adoo/.m2/repository/org/ow2/asm/asm/5.0.3/asm-5.0.3.jar:/home/adoo/.m2/repository/org/ow2/asm/asm-commons/5.0.3/asm-commons-5.0.3.jar:/home/adoo/.m2/repository/org/ow2/asm/asm-analysis/5.0.3/asm-analysis-5.0.3.jar:/home/adoo/.m2/repository/org/ow2/asm/asm-tree/5.0.3/asm-tree-5.0.3.jar:/home/adoo/.m2/repository/org/ow2/asm/asm-util/5.0.3/asm-util-5.0.3.jar:/home/adoo/.m2/repository/com/github/jnr/jnr-a64asm/1.0.0/jnr-a64asm-1.0.0.jar:/home/adoo/.m2/repository/com/github/jnr/jnr-x86asm/1.0.2/jnr-x86asm-1.0.2.jar:/home/adoo/.m2/repository/com/github/jnr/jnr-constants/0.9.11/jnr-constants-0.9.11.jar:/home/adoo/.m2/repository/com/github/jnr/jnr-enxio/0.19/jnr-enxio-0.19.jar:/home/adoo/.m2/repository/com/github/jnr/jnr-posix/3.0.47/jnr-posix-3.0.47.jar:/home/adoo/.m2/repository/com/squareup/okhttp3/logging-interceptor/3.14.9/logging-interceptor-3.14.9.jar:/home/adoo/.m2/repository/io/reactivex/rxjava2/rxjava/2.2.20/rxjava-2.2.20.jar:/home/adoo/.m2/repository/org/reactivestreams/reactive-streams/1.0.3/reactive-streams-1.0.3.jar:/home/adoo/.m2/repository/org/java-websocket/Java-WebSocket/1.3.8/Java-WebSocket-1.3.8.jar:/home/adoo/.m2/repository/org/slf4j/slf4j-api/1.7.30/slf4j-api-1.7.30.jar:/home/adoo/.m2/repository/org/springframework/boot/spring-boot-starter-web/2.4.2/spring-boot-starter-web-2.4.2.jar:/home/adoo/.m2/repository/org/springframework/boot/spring-boot-starter-json/2.4.2/spring-boot-starter-json-2.4.2.jar:/home/adoo/.m2/repository/com/fasterxml/jackson/datatype/jackson-datatype-jdk8/2.11.4/jackson-datatype-jdk8-2.11.4.jar:/home/adoo/.m2/repository/com/fasterxml/jackson/datatype/jackson-datatype-jsr310/2.11.4/jackson-datatype-jsr310-2.11.4.jar:/home/adoo/.m2/repository/com/fasterxml/jackson/module/jackson-module-parameter-names/2.11.4/jackson-module-parameter-names-2.11.4.jar:/home/adoo/.m2/repository/org/springframework/boot/spring-boot-starter-tomcat/2.4.2/spring-boot-starter-tomcat-2.4.2.jar:/home/adoo/.m2/repository/org/apache/tomcat/embed/tomcat-embed-core/9.0.41/tomcat-embed-core-9.0.41.jar:/home/adoo/.m2/repository/org/glassfish/jakarta.el/3.0.3/jakarta.el-3.0.3.jar:/home/adoo/.m2/repository/org/apache/tomcat/embed/tomcat-embed-websocket/9.0.41/tomcat-embed-websocket-9.0.41.jar:/home/adoo/.m2/repository/org/springframework/spring-web/5.3.3/spring-web-5.3.3.jar:/home/adoo/.m2/repository/org/springframework/spring-beans/5.3.3/spring-beans-5.3.3.jar:/home/adoo/.m2/repository/org/springframework/spring-webmvc/5.3.3/spring-webmvc-5.3.3.jar:/home/adoo/.m2/repository/org/springframework/spring-aop/5.3.3/spring-aop-5.3.3.jar:/home/adoo/.m2/repository/org/springframework/spring-expression/5.3.3/spring-expression-5.3.3.jar:/home/adoo/jzap-oracle-template/dependencies/jzap-0.0.6.jar:/home/adoo/.m2/repository/io/socket/socket.io-client/2.0.0/socket.io-client-2.0.0.jar:/home/adoo/.m2/repository/io/socket/engine.io-client/2.0.0/engine.io-client-2.0.0.jar:/home/adoo/.m2/repository/org/json/json/20090211/json-20090211.jar:/home/adoo/jzap-oracle-template/dependencies/coingecko.jar:/home/adoo/.m2/repository/com/fasterxml/jackson/core/jackson-databind/2.12.2/jackson-databind-2.12.2.jar:/home/adoo/.m2/repository/com/fasterxml/jackson/core/jackson-core/2.12.2/jackson-core-2.12.2.jar:/home/adoo/.m2/repository/com/fasterxml/jackson/core/jackson-annotations/2.12.2/jackson-annotations-2.12.2.jar:/home/adoo/.m2/repository/com/github/ipfs/java-ipfs-http-client/v1.3.3/java-ipfs-http-client-v1.3.3.jar:/home/adoo/.m2/repository/com/github/multiformats/java-multiaddr/v1.4.1/java-multiaddr-v1.4.1.jar:/home/adoo/.m2/repository/com/github/ipld/java-cid/v1.3.1/java-cid-v1.3.1.jar:/home/adoo/.m2/repository/com/github/multiformats/java-multihash/v1.3.0/java-multihash-v1.3.0.jar:/home/adoo/.m2/repository/com/github/multiformats/java-multibase/v1.1.0/java-multibase-v1.1.0.jar:/home/adoo/.m2/repository/com/squareup/retrofit2/retrofit/2.5.0/retrofit-2.5.0.jar:/home/adoo/.m2/repository/com/squareup/retrofit2/converter-jackson/2.5.0/converter-jackson-2.5.0.jar:/home/adoo/.m2/repository/com/squareup/okhttp3/okhttp/4.9.1/okhttp-4.9.1.jar:/home/adoo/.m2/repository/com/squareup/okio/okio/2.8.0/okio-2.8.0.jar:/home/adoo/.m2/repository/org/jetbrains/kotlin/kotlin-stdlib-common/1.4.21/kotlin-stdlib-common-1.4.21.jar:/home/adoo/.m2/repository/org/jetbrains/kotlin/kotlin-stdlib/1.4.21/kotlin-stdlib-1.4.21.jar:/home/adoo/.m2/repository/org/jetbrains/annotations/13.0/annotations-13.0.jar:"/>
    <property name="sun.cpu.endian" value="little"/>
    <property name="user.home" value="/home/adoo"/>
    <property name="user.language" value="en"/>
    <property name="java.specification.vendor" value="Oracle Corporation"/>
    <property name="java.version.date" value="2021-01-19"/>
    <property name="java.home" value="/usr/lib/jvm/java-11-openjdk-amd64"/>
    <property name="file.separator" value="/"/>
    <property name="basedir" value="/home/adoo/jzap-oracle-template"/>
    <property name="java.vm.compressedOopsMode" value="32-bit"/>
    <property name="line.separator" value="&#10;"/>
    <property name="java.specification.name" value="Java Platform API Specification"/>
    <property name="java.vm.specification.vendor" value="Oracle Corporation"/>
    <property name="java.awt.graphicsenv" value="sun.awt.X11GraphicsEnvironment"/>
    <property name="surefire.real.class.path" value="/home/adoo/jzap-oracle-template/target/surefire/surefirebooter12745112920110465017.jar"/>
    <property name="sun.management.compiler" value="HotSpot 64-Bit Tiered Compilers"/>
    <property name="java.runtime.version" value="11.0.10+9-Ubuntu-0ubuntu1.18.04"/>
    <property name="user.name" value="adoo"/>
    <property name="path.separator" value=":"/>
    <property name="os.version" value="4.15.0-137-generic"/>
    <property name="java.runtime.name" value="OpenJDK Runtime Environment"/>
    <property name="file.encoding" value="UTF-8"/>
    <property name="java.vm.name" value="OpenJDK 64-Bit Server VM"/>
    <property name="localRepository" value="/home/adoo/.m2/repository"/>
    <property name="java.vendor.url.bug" value="https://bugs.launchpad.net/ubuntu/+source/openjdk-lts"/>
    <property name="java.io.tmpdir" value="/tmp"/>
    <property name="java.version" value="11.0.10"/>
    <property name="user.dir" value="/home/adoo/jzap-oracle-template"/>
    <property name="os.arch" value="amd64"/>
    <property name="java.vm.specification.name" value="Java Virtual Machine Specification"/>
    <property name="java.awt.printerjob" value="sun.print.PSPrinterJob"/>
    <property name="sun.os.patch.level" value="unknown"/>
    <property name="java.library.path" value="/usr/java/packages/lib:/usr/lib/x86_64-linux-gnu/jni:/lib/x86_64-linux-gnu:/usr/lib/x86_64-linux-gnu:/usr/lib/jni:/lib:/usr/lib"/>
    <property name="java.vm.info" value="mixed mode, sharing"/>
    <property name="java.vendor" value="Ubuntu"/>
    <property name="java.vm.version" value="11.0.10+9-Ubuntu-0ubuntu1.18.04"/>
    <property name="sun.io.unicode.encoding" value="UnicodeLittle"/>
    <property name="java.class.version" value="55.0"/>
  </properties>
  <testcase name="test" classname="io.github.oracle.template.jzap.OracleTest" time="0.772"/>
  <testcase name="InitializeTest" classname="io.github.oracle.template.jzap.OracleTest" time="0.836">
    <error type="java.lang.NullPointerException">java.lang.NullPointerException
	at io.github.oracle.template.jzap.OracleTest.InitializeTest(OracleTest.java:29)
</error>
    <system-out><![CDATA[############
]]></system-out>
  </testcase>
</testsuite>